2025-10-31 23:57:41,726 INFO __main__: Starting PRODUCTION Celestial Enhanced PGAT training run
2025-10-31 23:57:41,726 INFO __main__: Heavy-duty overnight configuration enabled
2025-10-31 23:57:41,726 INFO __main__: 🔍 DIAGNOSTIC MODE ENABLED - Writing to training_diagnostic.log
2025-10-31 23:57:41,726 INFO __main__: ================================================================================
2025-10-31 23:57:41,729 INFO __main__: Configuration summary | model=Celestial_Enhanced_PGAT seq_len=48 pred_len=6 d_model=64 n_heads=4 e_layers=2 d_layers=1 train_epochs=1
2025-10-31 23:57:41,730 INFO __main__: Optimization summary | batch_size=1 learning_rate=0.001 patience=5 target=log_Open,log_High,log_Low,log_Close target_wave_indices=[0, 1, 2, 3] c_out=4 wave_aggregation=True
2025-10-31 23:57:41,730 INFO __main__: Using device: cpu (CPU fallback)
2025-10-31 23:57:41,734 INFO __main__: Reproducibility seed configured to 42
2025-10-31 23:57:41,735 INFO __main__: Loading production data modules
2025-10-31 23:57:42,298 INFO __main__: Training scalers extracted: main_scaler=True, target_scaler=True
2025-10-31 23:57:42,298 INFO __main__: Loaded train data module | samples=6856 batches=6856 batch_size=1 drop_last=True shuffle=True pin_memory=False prefetch_factor=n/a persistent_workers=False
2025-10-31 23:57:42,805 INFO __main__: Created val dataset with training scalers
2025-10-31 23:57:42,806 INFO __main__: Loaded val data module | samples=145 batches=145 batch_size=1 drop_last=False shuffle=False pin_memory=False prefetch_factor=n/a persistent_workers=False
2025-10-31 23:57:43,343 INFO __main__: Created test dataset with training scalers
2025-10-31 23:57:43,344 INFO __main__: Loaded test data module | samples=45 batches=45 batch_size=1 drop_last=False shuffle=False pin_memory=False prefetch_factor=n/a persistent_workers=False
2025-10-31 23:57:43,344 INFO __main__: Data loader sizes | train=6856 val=145 test=45
2025-10-31 23:57:43,345 INFO __main__: Preparing scaling utilities for loss computation
2025-10-31 23:57:43,345 INFO __main__: Main scaler detected with 118 features
2025-10-31 23:57:43,345 INFO __main__: Target scaler detected with 4 features
2025-10-31 23:57:43,345 INFO __main__: Using target indices for OHLC: [0, 1, 2, 3]
2025-10-31 23:57:43,345 INFO __main__: Initializing production Celestial Enhanced PGAT model
2025-10-31 23:57:43,346 INFO models.Celestial_Enhanced_PGAT_Modular.Model: Initializing Celestial Enhanced PGAT | seq_len=48 pred_len=6 d_model=64 celestial_bodies=13 wave_aggregation=True mixture_decoder=False stochastic_learner=False hierarchical_mapping=True
2025-10-31 23:57:43,346 INFO models.Celestial_Enhanced_PGAT_Modular.Model: Phase-aware aggregation configured | input_waves=113 target_wave_indices=[0, 1, 2, 3]
2025-10-31 23:57:43,541 INFO models.celestial_modules.context_fusion: 🌟 Initializing Multi-Scale Context Fusion | mode=multi_scale | d_model=64
2025-10-31 23:57:43,542 INFO models.celestial_modules.context_fusion: 📊 Multi-scale configuration | short=5 medium=15 long=global dropout=0.100
2025-10-31 23:57:43,546 INFO models.celestial_modules.context_fusion: ✅ Multi-scale fusion layer initialized
2025-10-31 23:57:43,547 INFO models.celestial_modules.context_fusion: ⚡ Performance: Small overhead (~8% memory increase, fast)
2025-10-31 23:57:43,548 INFO models.celestial_modules.context_fusion: 🧠 Benefits: Multi-temporal patterns, richest context, gradient flow enhancement
2025-10-31 23:57:43,548 INFO models.celestial_modules.context_fusion: 🌊 Gradient Flow: Creates shortcuts for long-term dependencies
2025-10-31 23:57:43,548 INFO models.celestial_modules.context_fusion: ⚖️  Bias Mitigation: Balances recent vs historical observations
2025-10-31 23:57:43,548 INFO models.celestial_modules.context_fusion: 🔍 Temporal Awareness: Provides both local dynamics and global context
2025-10-31 23:57:43,548 INFO models.celestial_modules.context_fusion: 🎉 Multi-Scale Context Fusion successfully initialized
2025-10-31 23:57:43,698 INFO __main__: Model initialized successfully
2025-10-31 23:57:43,707 INFO __main__: Parameter statistics | total=1,130,379 trainable=1,130,379 approx_size_mb=4.3
2025-10-31 23:57:43,713 INFO __main__: Standard precision training
2025-10-31 23:57:43,713 INFO __main__: Gradient accumulation configured | steps=1 effective_batch_size=1
2025-10-31 23:57:43,717 INFO __main__: Using MSE Loss for deterministic predictions
2025-10-31 23:57:43,717 INFO __main__: Early stopping patience configured to 5 (effectively disabled)
2025-10-31 23:57:43,717 INFO __main__: Checkpoints will be saved to checkpoints/celestial_debug_step5
2025-10-31 23:57:43,718 INFO __main__: Inspecting data file at ./data/prepared_financial_data.csv for target resolution
2025-10-31 23:57:43,732 INFO __main__: Feature summary | total_columns=119 feature_columns=118
2025-10-31 23:57:43,819 INFO __main__: Estimated CSV row count: 7109
2025-10-31 23:57:43,819 INFO __main__: Auto-set enc_in/dec_in to 118 based on feature count
2025-10-31 23:57:43,819 INFO __main__: Resolved target indices: [0, 1, 2, 3]
2025-10-31 23:57:43,819 INFO __main__: Resolved target names: ['log_Open', 'log_High', 'log_Low', 'log_Close']
2025-10-31 23:57:43,820 INFO __main__: Starting production training loop
2025-10-31 23:57:43,820 INFO __main__: Configured for 1 training epochs
2025-10-31 23:57:43,826 INFO __main__: Epoch 1/1 - production training
2025-10-31 23:57:47,036 ERROR __main__: Training step failed: cannot access local variable 'y_pred_for_loss' where it is not associated with a value
Traceback (most recent call last):
  File "/Users/shantanumisra/workspace/TSLib/Time-Series-Library/scripts/train/train_celestial_production.py", line 1230, in train_epoch
    f.write(f"y_pred_for_loss.requires_grad: {y_pred_for_loss.requires_grad}\n")
                                              ^^^^^^^^^^^^^^^
UnboundLocalError: cannot access local variable 'y_pred_for_loss' where it is not associated with a value
2025-10-31 23:57:50,097 ERROR __main__: Training step failed: cannot access local variable 'y_pred_for_loss' where it is not associated with a value
Traceback (most recent call last):
  File "/Users/shantanumisra/workspace/TSLib/Time-Series-Library/scripts/train/train_celestial_production.py", line 1230, in train_epoch
    f.write(f"y_pred_for_loss.requires_grad: {y_pred_for_loss.requires_grad}\n")
                                              ^^^^^^^^^^^^^^^
UnboundLocalError: cannot access local variable 'y_pred_for_loss' where it is not associated with a value
2025-10-31 23:58:00,274 ERROR __main__: Training step failed: cannot access local variable 'y_pred_for_loss' where it is not associated with a value
Traceback (most recent call last):
  File "/Users/shantanumisra/workspace/TSLib/Time-Series-Library/scripts/train/train_celestial_production.py", line 1230, in train_epoch
    f.write(f"y_pred_for_loss.requires_grad: {y_pred_for_loss.requires_grad}\n")
                                              ^^^^^^^^^^^^^^^
UnboundLocalError: cannot access local variable 'y_pred_for_loss' where it is not associated with a value
2025-10-31 23:58:03,985 ERROR __main__: Training step failed: cannot access local variable 'y_pred_for_loss' where it is not associated with a value
Traceback (most recent call last):
  File "/Users/shantanumisra/workspace/TSLib/Time-Series-Library/scripts/train/train_celestial_production.py", line 1230, in train_epoch
    f.write(f"y_pred_for_loss.requires_grad: {y_pred_for_loss.requires_grad}\n")
                                              ^^^^^^^^^^^^^^^
UnboundLocalError: cannot access local variable 'y_pred_for_loss' where it is not associated with a value
2025-10-31 23:58:08,316 ERROR __main__: Training step failed: cannot access local variable 'y_pred_for_loss' where it is not associated with a value
Traceback (most recent call last):
  File "/Users/shantanumisra/workspace/TSLib/Time-Series-Library/scripts/train/train_celestial_production.py", line 1230, in train_epoch
    f.write(f"y_pred_for_loss.requires_grad: {y_pred_for_loss.requires_grad}\n")
                                              ^^^^^^^^^^^^^^^
UnboundLocalError: cannot access local variable 'y_pred_for_loss' where it is not associated with a value
2025-10-31 23:58:10,933 INFO __main__: BATCH 6/6856 | Epoch 1/1 | Loss=1.705044 | Time=27.1s
2025-10-31 23:58:13,745 INFO __main__: BATCH 7/6856 | Epoch 1/1 | Loss=4.974983 | Time=29.9s
